This file contains any messages produced by compilers while
running configure, to aid debugging if configure makes a mistake.

It was created by SHTns configure 3.7.3, which was
generated by GNU Autoconf 2.72.  Invocation command line was

  $ ./configure --enable-avx --disable-openmp --enable-march=native --prefix=/home/kvorka/WorkDir/codes/Son_of_WhiteRabbit/shtns

## --------- ##
## Platform. ##
## --------- ##

hostname = geofzz
uname -m = x86_64
uname -r = 5.15.0-58-generic
uname -s = Linux
uname -v = #64-Ubuntu SMP Thu Jan 5 11:43:13 UTC 2023

/usr/bin/uname -p = x86_64
/bin/uname -X     = unknown

/bin/arch              = x86_64
/usr/bin/arch -k       = unknown
/usr/convex/getsysinfo = unknown
/usr/bin/hostinfo      = unknown
/bin/machine           = unknown
/usr/bin/oslevel       = unknown
/bin/universe          = unknown

PATH: /home/kvorka/.local/bin/
PATH: /usr/local/sbin/
PATH: /usr/local/bin/
PATH: /usr/sbin/
PATH: /usr/bin/
PATH: /sbin/
PATH: /bin/
PATH: /usr/games/
PATH: /usr/local/games/
PATH: /snap/bin/
PATH: /snap/bin/


## ----------- ##
## Core tests. ##
## ----------- ##

configure:2662: checking for gcc
configure:2683: found /usr/bin/gcc
configure:2695: result: gcc
configure:3054: checking for C compiler version
configure:3063: gcc --version >&5
gcc (Ubuntu 11.4.0-1ubuntu1~22.04.2) 11.4.0
Copyright (C) 2021 Free Software Foundation, Inc.
This is free software; see the source for copying conditions.  There is NO
warranty; not even for MERCHANTABILITY or FITNESS FOR A PARTICULAR PURPOSE.

configure:3074: $? = 0
configure:3063: gcc -v >&5
Using built-in specs.
COLLECT_GCC=gcc
COLLECT_LTO_WRAPPER=/usr/lib/gcc/x86_64-linux-gnu/11/lto-wrapper
OFFLOAD_TARGET_NAMES=nvptx-none:amdgcn-amdhsa
OFFLOAD_TARGET_DEFAULT=1
Target: x86_64-linux-gnu
Configured with: ../src/configure -v --with-pkgversion='Ubuntu 11.4.0-1ubuntu1~22.04.2' --with-bugurl=file:///usr/share/doc/gcc-11/README.Bugs --enable-languages=c,ada,c++,go,brig,d,fortran,objc,obj-c++,m2 --prefix=/usr --with-gcc-major-version-only --program-suffix=-11 --program-prefix=x86_64-linux-gnu- --enable-shared --enable-linker-build-id --libexecdir=/usr/lib --without-included-gettext --enable-threads=posix --libdir=/usr/lib --enable-nls --enable-bootstrap --enable-clocale=gnu --enable-libstdcxx-debug --enable-libstdcxx-time=yes --with-default-libstdcxx-abi=new --enable-gnu-unique-object --disable-vtable-verify --enable-plugin --enable-default-pie --with-system-zlib --enable-libphobos-checking=release --with-target-system-zlib=auto --enable-objc-gc=auto --enable-multiarch --disable-werror --enable-cet --with-arch-32=i686 --with-abi=m64 --with-multilib-list=m32,m64,mx32 --enable-multilib --with-tune=generic --enable-offload-targets=nvptx-none=/build/gcc-11-2Y5pKs/gcc-11-11.4.0/debian/tmp-nvptx/usr,amdgcn-amdhsa=/build/gcc-11-2Y5pKs/gcc-11-11.4.0/debian/tmp-gcn/usr --without-cuda-driver --enable-checking=release --build=x86_64-linux-gnu --host=x86_64-linux-gnu --target=x86_64-linux-gnu --with-build-config=bootstrap-lto-lean --enable-link-serialization=2
Thread model: posix
Supported LTO compression algorithms: zlib zstd
gcc version 11.4.0 (Ubuntu 11.4.0-1ubuntu1~22.04.2) 
... rest of stderr output deleted ...
configure:3074: $? = 0
configure:3063: gcc -V >&5
gcc: error: unrecognized command-line option '-V'
gcc: fatal error: no input files
compilation terminated.
configure:3074: $? = 1
configure:3063: gcc -qversion >&5
gcc: error: unrecognized command-line option '-qversion'; did you mean '--version'?
gcc: fatal error: no input files
compilation terminated.
configure:3074: $? = 1
configure:3063: gcc -version >&5
gcc: error: unrecognized command-line option '-version'
gcc: fatal error: no input files
compilation terminated.
configure:3074: $? = 1
configure:3094: checking whether the C compiler works
configure:3116: gcc -O2  -I/home/kvorka/WorkDir/codes/Son_of_WhiteRabbit/shtns/include -L/home/kvorka/WorkDir/codes/Son_of_WhiteRabbit/shtns/lib   conftest.c  >&5
configure:3120: $? = 0
configure:3171: result: yes
configure:3175: checking for C compiler default output file name
configure:3177: result: a.out
configure:3183: checking for suffix of executables
configure:3190: gcc -o conftest -O2  -I/home/kvorka/WorkDir/codes/Son_of_WhiteRabbit/shtns/include -L/home/kvorka/WorkDir/codes/Son_of_WhiteRabbit/shtns/lib   conftest.c  >&5
configure:3194: $? = 0
configure:3218: result: 
configure:3242: checking whether we are cross compiling
configure:3250: gcc -o conftest -O2  -I/home/kvorka/WorkDir/codes/Son_of_WhiteRabbit/shtns/include -L/home/kvorka/WorkDir/codes/Son_of_WhiteRabbit/shtns/lib   conftest.c  >&5
configure:3254: $? = 0
configure:3261: ./conftest
configure:3265: $? = 0
configure:3280: result: no
configure:3286: checking for suffix of object files
configure:3309: gcc -c -O2  -I/home/kvorka/WorkDir/codes/Son_of_WhiteRabbit/shtns/include -L/home/kvorka/WorkDir/codes/Son_of_WhiteRabbit/shtns/lib  conftest.c >&5
configure:3313: $? = 0
configure:3337: result: o
configure:3341: checking whether the compiler supports GNU C
configure:3361: gcc -c -O2  -I/home/kvorka/WorkDir/codes/Son_of_WhiteRabbit/shtns/include -L/home/kvorka/WorkDir/codes/Son_of_WhiteRabbit/shtns/lib  conftest.c >&5
configure:3361: $? = 0
configure:3373: result: yes
configure:3384: checking whether gcc accepts -g
configure:3405: gcc -c -g  conftest.c >&5
configure:3405: $? = 0
configure:3452: result: yes
configure:3472: checking for gcc option to enable C11 features
configure:3487: gcc  -c -O2  -I/home/kvorka/WorkDir/codes/Son_of_WhiteRabbit/shtns/include -L/home/kvorka/WorkDir/codes/Son_of_WhiteRabbit/shtns/lib  conftest.c >&5
configure:3487: $? = 0
configure:3506: result: none needed
configure:3624: checking for a sed that does not truncate output
configure:3696: result: /usr/bin/sed
configure:3740: checking whether gcc accepts -march=native
configure:3755: gcc -c -O2  -I/home/kvorka/WorkDir/codes/Son_of_WhiteRabbit/shtns/include -L/home/kvorka/WorkDir/codes/Son_of_WhiteRabbit/shtns/lib -march=native  conftest.c >&5
configure:3755: $? = 0
configure:3758: result: yes
configure:3773: checking whether gcc accepts -mtune=skylake
configure:3788: gcc -c -O2  -I/home/kvorka/WorkDir/codes/Son_of_WhiteRabbit/shtns/include -L/home/kvorka/WorkDir/codes/Son_of_WhiteRabbit/shtns/lib -march=native -mtune=skylake  conftest.c >&5
configure:3788: $? = 0
configure:3791: result: yes
configure:3805: checking whether gcc accepts -qopt-zmm-usage=high
configure:3820: gcc -c -O2  -I/home/kvorka/WorkDir/codes/Son_of_WhiteRabbit/shtns/include -L/home/kvorka/WorkDir/codes/Son_of_WhiteRabbit/shtns/lib -march=native -mtune=skylake -qopt-zmm-usage=high  conftest.c >&5
gcc: error: unrecognized command-line option '-qopt-zmm-usage=high'
configure:3820: $? = 1
configure: failed program was:
| /* confdefs.h */
| #define PACKAGE_NAME "SHTns"
| #define PACKAGE_TARNAME "shtns"
| #define PACKAGE_VERSION "3.7.3"
| #define PACKAGE_STRING "SHTns 3.7.3"
| #define PACKAGE_BUGREPORT ""
| #define PACKAGE_URL "https://bitbucket.org/nschaeff/shtns"
| /* end confdefs.h.  */
| 
| int
| main (void)
| {
| 
|   ;
|   return 0;
| }
configure:3828: result: no
configure:3908: checking whether gcc accepts -ffast-math
configure:3923: gcc -c -O2  -I/home/kvorka/WorkDir/codes/Son_of_WhiteRabbit/shtns/include -L/home/kvorka/WorkDir/codes/Son_of_WhiteRabbit/shtns/lib -march=native -mtune=skylake -O3 -ffast-math  conftest.c >&5
configure:3923: $? = 0
configure:3926: result: yes
configure:3939: checking whether gcc accepts -std=gnu99
configure:3954: gcc -c -O2  -I/home/kvorka/WorkDir/codes/Son_of_WhiteRabbit/shtns/include -L/home/kvorka/WorkDir/codes/Son_of_WhiteRabbit/shtns/lib -march=native -mtune=skylake -O3 -ffast-math -std=gnu99  conftest.c >&5
configure:3954: $? = 0
configure:3957: result: yes
configure:4002: checking whether gcc accepts -fopenmp-simd
configure:4017: gcc -c -O2  -I/home/kvorka/WorkDir/codes/Son_of_WhiteRabbit/shtns/include -L/home/kvorka/WorkDir/codes/Son_of_WhiteRabbit/shtns/lib -march=native -mtune=skylake -O3 -ffast-math -std=gnu99 -fopenmp-simd  conftest.c >&5
configure:4017: $? = 0
configure:4020: result: yes
configure:4033: checking whether gcc accepts -qopenmp-simd
configure:4048: gcc -c -O2  -I/home/kvorka/WorkDir/codes/Son_of_WhiteRabbit/shtns/include -L/home/kvorka/WorkDir/codes/Son_of_WhiteRabbit/shtns/lib -march=native -mtune=skylake -O3 -ffast-math -std=gnu99 -fopenmp-simd -qopenmp-simd  conftest.c >&5
gcc: error: unrecognized command-line option '-qopenmp-simd'; did you mean '-Wopenmp-simd'?
configure:4048: $? = 1
configure: failed program was:
| /* confdefs.h */
| #define PACKAGE_NAME "SHTns"
| #define PACKAGE_TARNAME "shtns"
| #define PACKAGE_VERSION "3.7.3"
| #define PACKAGE_STRING "SHTns 3.7.3"
| #define PACKAGE_BUGREPORT ""
| #define PACKAGE_URL "https://bitbucket.org/nschaeff/shtns"
| /* end confdefs.h.  */
| 
| int
| main (void)
| {
| 
|   ;
|   return 0;
| }
configure:4056: result: no
configure:4065: checking whether gcc accepts -fno-tree-loop-distribute-patterns
configure:4080: gcc -c -O2  -I/home/kvorka/WorkDir/codes/Son_of_WhiteRabbit/shtns/include -L/home/kvorka/WorkDir/codes/Son_of_WhiteRabbit/shtns/lib -march=native -mtune=skylake -O3 -ffast-math -std=gnu99 -fopenmp-simd -fno-tree-loop-distribute-patterns  conftest.c >&5
configure:4080: $? = 0
configure:4083: result: yes
configure:4097: checking whether gcc accepts -mno-vzeroupper
configure:4112: gcc -c -O2  -I/home/kvorka/WorkDir/codes/Son_of_WhiteRabbit/shtns/include -L/home/kvorka/WorkDir/codes/Son_of_WhiteRabbit/shtns/lib -march=native -mtune=skylake -O3 -ffast-math -std=gnu99 -fopenmp-simd -fno-tree-loop-distribute-patterns -mno-vzeroupper  conftest.c >&5
configure:4112: $? = 0
configure:4115: result: yes
configure:4129: checking whether gcc accepts -fno-stack-protector
configure:4144: gcc -c -O2  -I/home/kvorka/WorkDir/codes/Son_of_WhiteRabbit/shtns/include -L/home/kvorka/WorkDir/codes/Son_of_WhiteRabbit/shtns/lib -march=native -mtune=skylake -O3 -ffast-math -std=gnu99 -fopenmp-simd -fno-tree-loop-distribute-patterns -mno-vzeroupper -fno-stack-protector  conftest.c >&5
configure:4144: $? = 0
configure:4147: result: yes
configure:4216: checking whether gcc accepts -march=native
configure:4231: gcc -c -O2  -I/home/kvorka/WorkDir/codes/Son_of_WhiteRabbit/shtns/include -L/home/kvorka/WorkDir/codes/Son_of_WhiteRabbit/shtns/lib -march=native  conftest.c >&5
configure:4231: $? = 0
configure:4234: result: yes
configure:4249: checking whether gcc accepts -mtune=skylake
configure:4264: gcc -c -O2  -I/home/kvorka/WorkDir/codes/Son_of_WhiteRabbit/shtns/include -L/home/kvorka/WorkDir/codes/Son_of_WhiteRabbit/shtns/lib -march=native -mtune=skylake  conftest.c >&5
configure:4264: $? = 0
configure:4267: result: yes
configure:4281: checking whether gcc accepts -qopt-zmm-usage=high
configure:4296: gcc -c -O2  -I/home/kvorka/WorkDir/codes/Son_of_WhiteRabbit/shtns/include -L/home/kvorka/WorkDir/codes/Son_of_WhiteRabbit/shtns/lib -march=native -mtune=skylake -qopt-zmm-usage=high  conftest.c >&5
gcc: error: unrecognized command-line option '-qopt-zmm-usage=high'
configure:4296: $? = 1
configure: failed program was:
| /* confdefs.h */
| #define PACKAGE_NAME "SHTns"
| #define PACKAGE_TARNAME "shtns"
| #define PACKAGE_VERSION "3.7.3"
| #define PACKAGE_STRING "SHTns 3.7.3"
| #define PACKAGE_BUGREPORT ""
| #define PACKAGE_URL "https://bitbucket.org/nschaeff/shtns"
| /* end confdefs.h.  */
| 
| int
| main (void)
| {
| 
|   ;
|   return 0;
| }
configure:4304: result: no
configure:4395: checking whether gcc accepts -fno-math-errno
configure:4410: gcc -c -O2  -I/home/kvorka/WorkDir/codes/Son_of_WhiteRabbit/shtns/include -L/home/kvorka/WorkDir/codes/Son_of_WhiteRabbit/shtns/lib -march=native -mtune=skylake -fno-math-errno  conftest.c >&5
configure:4410: $? = 0
configure:4413: result: yes
configure:4426: checking whether gcc accepts -fno-trapping-math
configure:4441: gcc -c -O2  -I/home/kvorka/WorkDir/codes/Son_of_WhiteRabbit/shtns/include -L/home/kvorka/WorkDir/codes/Son_of_WhiteRabbit/shtns/lib -march=native -mtune=skylake -fno-math-errno -fno-trapping-math  conftest.c >&5
configure:4441: $? = 0
configure:4444: result: yes
configure:4457: checking whether gcc accepts -ffinite-math-only
configure:4472: gcc -c -O2  -I/home/kvorka/WorkDir/codes/Son_of_WhiteRabbit/shtns/include -L/home/kvorka/WorkDir/codes/Son_of_WhiteRabbit/shtns/lib -march=native -mtune=skylake -fno-math-errno -fno-trapping-math -ffinite-math-only  conftest.c >&5
configure:4472: $? = 0
configure:4475: result: yes
configure:4488: checking whether gcc accepts -fcx-limited-range
configure:4503: gcc -c -O2  -I/home/kvorka/WorkDir/codes/Son_of_WhiteRabbit/shtns/include -L/home/kvorka/WorkDir/codes/Son_of_WhiteRabbit/shtns/lib -march=native -mtune=skylake -fno-math-errno -fno-trapping-math -ffinite-math-only -fcx-limited-range  conftest.c >&5
configure:4503: $? = 0
configure:4506: result: yes
configure:4521: checking whether gcc accepts -fp-model=precise
configure:4536: gcc -c -O2  -I/home/kvorka/WorkDir/codes/Son_of_WhiteRabbit/shtns/include -L/home/kvorka/WorkDir/codes/Son_of_WhiteRabbit/shtns/lib -march=native -mtune=skylake -fno-math-errno -fno-trapping-math -ffinite-math-only -fcx-limited-range -fp-model=precise  conftest.c >&5
gcc: error: unrecognized command-line option '-fp-model=precise'
configure:4536: $? = 1
configure: failed program was:
| /* confdefs.h */
| #define PACKAGE_NAME "SHTns"
| #define PACKAGE_TARNAME "shtns"
| #define PACKAGE_VERSION "3.7.3"
| #define PACKAGE_STRING "SHTns 3.7.3"
| #define PACKAGE_BUGREPORT ""
| #define PACKAGE_URL "https://bitbucket.org/nschaeff/shtns"
| /* end confdefs.h.  */
| 
| int
| main (void)
| {
| 
|   ;
|   return 0;
| }
configure:4544: result: no
configure:4552: checking whether gcc accepts -complex-limited-range
configure:4567: gcc -c -O2  -I/home/kvorka/WorkDir/codes/Son_of_WhiteRabbit/shtns/include -L/home/kvorka/WorkDir/codes/Son_of_WhiteRabbit/shtns/lib -march=native -mtune=skylake -fno-math-errno -fno-trapping-math -ffinite-math-only -fcx-limited-range -complex-limited-range  conftest.c >&5
gcc: error: unrecognized command-line option '-complex-limited-range'; did you mean '-fcx-limited-range'?
configure:4567: $? = 1
configure: failed program was:
| /* confdefs.h */
| #define PACKAGE_NAME "SHTns"
| #define PACKAGE_TARNAME "shtns"
| #define PACKAGE_VERSION "3.7.3"
| #define PACKAGE_STRING "SHTns 3.7.3"
| #define PACKAGE_BUGREPORT ""
| #define PACKAGE_URL "https://bitbucket.org/nschaeff/shtns"
| /* end confdefs.h.  */
| 
| int
| main (void)
| {
| 
|   ;
|   return 0;
| }
configure:4575: result: no
configure:4583: checking whether gcc accepts -prec-div -prec-sqrt
configure:4598: gcc -c -O2  -I/home/kvorka/WorkDir/codes/Son_of_WhiteRabbit/shtns/include -L/home/kvorka/WorkDir/codes/Son_of_WhiteRabbit/shtns/lib -march=native -mtune=skylake -fno-math-errno -fno-trapping-math -ffinite-math-only -fcx-limited-range -prec-div -prec-sqrt  conftest.c >&5
gcc: error: unrecognized command-line option '-prec-div'
gcc: error: unrecognized command-line option '-prec-sqrt'
configure:4598: $? = 1
configure: failed program was:
| /* confdefs.h */
| #define PACKAGE_NAME "SHTns"
| #define PACKAGE_TARNAME "shtns"
| #define PACKAGE_VERSION "3.7.3"
| #define PACKAGE_STRING "SHTns 3.7.3"
| #define PACKAGE_BUGREPORT ""
| #define PACKAGE_URL "https://bitbucket.org/nschaeff/shtns"
| /* end confdefs.h.  */
| 
| int
| main (void)
| {
| 
|   ;
|   return 0;
| }
configure:4606: result: no
configure:4615: checking whether gcc accepts -std=gnu11
configure:4630: gcc -c -O2  -I/home/kvorka/WorkDir/codes/Son_of_WhiteRabbit/shtns/include -L/home/kvorka/WorkDir/codes/Son_of_WhiteRabbit/shtns/lib -march=native -mtune=skylake -fno-math-errno -fno-trapping-math -ffinite-math-only -fcx-limited-range -std=gnu11  conftest.c >&5
configure:4630: $? = 0
configure:4633: result: yes
configure:4715: checking for stdio.h
configure:4715: gcc -c -O2  -I/home/kvorka/WorkDir/codes/Son_of_WhiteRabbit/shtns/include -L/home/kvorka/WorkDir/codes/Son_of_WhiteRabbit/shtns/lib -march=native -mtune=skylake -fno-math-errno -fno-trapping-math -ffinite-math-only -fcx-limited-range -std=gnu11  conftest.c >&5
configure:4715: $? = 0
configure:4715: result: yes
configure:4715: checking for stdlib.h
configure:4715: gcc -c -O2  -I/home/kvorka/WorkDir/codes/Son_of_WhiteRabbit/shtns/include -L/home/kvorka/WorkDir/codes/Son_of_WhiteRabbit/shtns/lib -march=native -mtune=skylake -fno-math-errno -fno-trapping-math -ffinite-math-only -fcx-limited-range -std=gnu11  conftest.c >&5
configure:4715: $? = 0
configure:4715: result: yes
configure:4715: checking for string.h
configure:4715: gcc -c -O2  -I/home/kvorka/WorkDir/codes/Son_of_WhiteRabbit/shtns/include -L/home/kvorka/WorkDir/codes/Son_of_WhiteRabbit/shtns/lib -march=native -mtune=skylake -fno-math-errno -fno-trapping-math -ffinite-math-only -fcx-limited-range -std=gnu11  conftest.c >&5
configure:4715: $? = 0
configure:4715: result: yes
configure:4715: checking for inttypes.h
configure:4715: gcc -c -O2  -I/home/kvorka/WorkDir/codes/Son_of_WhiteRabbit/shtns/include -L/home/kvorka/WorkDir/codes/Son_of_WhiteRabbit/shtns/lib -march=native -mtune=skylake -fno-math-errno -fno-trapping-math -ffinite-math-only -fcx-limited-range -std=gnu11  conftest.c >&5
configure:4715: $? = 0
configure:4715: result: yes
configure:4715: checking for stdint.h
configure:4715: gcc -c -O2  -I/home/kvorka/WorkDir/codes/Son_of_WhiteRabbit/shtns/include -L/home/kvorka/WorkDir/codes/Son_of_WhiteRabbit/shtns/lib -march=native -mtune=skylake -fno-math-errno -fno-trapping-math -ffinite-math-only -fcx-limited-range -std=gnu11  conftest.c >&5
configure:4715: $? = 0
configure:4715: result: yes
configure:4715: checking for strings.h
configure:4715: gcc -c -O2  -I/home/kvorka/WorkDir/codes/Son_of_WhiteRabbit/shtns/include -L/home/kvorka/WorkDir/codes/Son_of_WhiteRabbit/shtns/lib -march=native -mtune=skylake -fno-math-errno -fno-trapping-math -ffinite-math-only -fcx-limited-range -std=gnu11  conftest.c >&5
configure:4715: $? = 0
configure:4715: result: yes
configure:4715: checking for sys/stat.h
configure:4715: gcc -c -O2  -I/home/kvorka/WorkDir/codes/Son_of_WhiteRabbit/shtns/include -L/home/kvorka/WorkDir/codes/Son_of_WhiteRabbit/shtns/lib -march=native -mtune=skylake -fno-math-errno -fno-trapping-math -ffinite-math-only -fcx-limited-range -std=gnu11  conftest.c >&5
configure:4715: $? = 0
configure:4715: result: yes
configure:4715: checking for sys/types.h
configure:4715: gcc -c -O2  -I/home/kvorka/WorkDir/codes/Son_of_WhiteRabbit/shtns/include -L/home/kvorka/WorkDir/codes/Son_of_WhiteRabbit/shtns/lib -march=native -mtune=skylake -fno-math-errno -fno-trapping-math -ffinite-math-only -fcx-limited-range -std=gnu11  conftest.c >&5
configure:4715: $? = 0
configure:4715: result: yes
configure:4715: checking for unistd.h
configure:4715: gcc -c -O2  -I/home/kvorka/WorkDir/codes/Son_of_WhiteRabbit/shtns/include -L/home/kvorka/WorkDir/codes/Son_of_WhiteRabbit/shtns/lib -march=native -mtune=skylake -fno-math-errno -fno-trapping-math -ffinite-math-only -fcx-limited-range -std=gnu11  conftest.c >&5
configure:4715: $? = 0
configure:4715: result: yes
configure:4740: checking for stdlib.h
configure:4740: result: yes
configure:4746: checking for stdio.h
configure:4746: result: yes
configure:4752: checking for string.h
configure:4752: result: yes
configure:4758: checking for math.h
configure:4758: gcc -c -O2  -I/home/kvorka/WorkDir/codes/Son_of_WhiteRabbit/shtns/include -L/home/kvorka/WorkDir/codes/Son_of_WhiteRabbit/shtns/lib -march=native -mtune=skylake -fno-math-errno -fno-trapping-math -ffinite-math-only -fcx-limited-range -std=gnu11  conftest.c >&5
configure:4758: $? = 0
configure:4758: result: yes
configure:4764: checking for complex.h
configure:4764: gcc -c -O2  -I/home/kvorka/WorkDir/codes/Son_of_WhiteRabbit/shtns/include -L/home/kvorka/WorkDir/codes/Son_of_WhiteRabbit/shtns/lib -march=native -mtune=skylake -fno-math-errno -fno-trapping-math -ffinite-math-only -fcx-limited-range -std=gnu11  conftest.c >&5
configure:4764: $? = 0
configure:4764: result: yes
configure:4773: checking for cos in -lm
configure:4802: gcc -o conftest -O2  -I/home/kvorka/WorkDir/codes/Son_of_WhiteRabbit/shtns/include -L/home/kvorka/WorkDir/codes/Son_of_WhiteRabbit/shtns/lib -march=native -mtune=skylake -fno-math-errno -fno-trapping-math -ffinite-math-only -fcx-limited-range -std=gnu11   conftest.c -lm   >&5
conftest.c:34:6: warning: conflicting types for built-in function 'cos'; expected 'double(double)' [-Wbuiltin-declaration-mismatch]
   34 | char cos (void);
      |      ^~~
conftest.c:1:1: note: 'cos' is declared in header '<math.h>'
    1 | /* confdefs.h */
configure:4802: $? = 0
configure:4814: result: yes
configure:5592: checking for fftw_plan_many_dft in -lfftw3
configure:5621: gcc -o conftest -O2  -I/home/kvorka/WorkDir/codes/Son_of_WhiteRabbit/shtns/include -L/home/kvorka/WorkDir/codes/Son_of_WhiteRabbit/shtns/lib -march=native -mtune=skylake -fno-math-errno -fno-trapping-math -ffinite-math-only -fcx-limited-range -std=gnu11   conftest.c -lfftw3  -lm  >&5
configure:5621: $? = 0
configure:5633: result: yes
configure:5752: checking for size_t
configure:5752: gcc -c -O2  -I/home/kvorka/WorkDir/codes/Son_of_WhiteRabbit/shtns/include -L/home/kvorka/WorkDir/codes/Son_of_WhiteRabbit/shtns/lib -march=native -mtune=skylake -fno-math-errno -fno-trapping-math -ffinite-math-only -fcx-limited-range -std=gnu11  conftest.c >&5
configure:5752: $? = 0
configure:5752: gcc -c -O2  -I/home/kvorka/WorkDir/codes/Son_of_WhiteRabbit/shtns/include -L/home/kvorka/WorkDir/codes/Son_of_WhiteRabbit/shtns/lib -march=native -mtune=skylake -fno-math-errno -fno-trapping-math -ffinite-math-only -fcx-limited-range -std=gnu11  conftest.c >&5
conftest.c: In function 'main':
conftest.c:61:21: error: expected expression before ')' token
   61 | if (sizeof ((size_t)))
      |                     ^
configure:5752: $? = 1
configure: failed program was:
| /* confdefs.h */
| #define PACKAGE_NAME "SHTns"
| #define PACKAGE_TARNAME "shtns"
| #define PACKAGE_VERSION "3.7.3"
| #define PACKAGE_STRING "SHTns 3.7.3"
| #define PACKAGE_BUGREPORT ""
| #define PACKAGE_URL "https://bitbucket.org/nschaeff/shtns"
| #define HAVE_STDIO_H 1
| #define HAVE_STDLIB_H 1
| #define HAVE_STRING_H 1
| #define HAVE_INTTYPES_H 1
| #define HAVE_STDINT_H 1
| #define HAVE_STRINGS_H 1
| #define HAVE_SYS_STAT_H 1
| #define HAVE_SYS_TYPES_H 1
| #define HAVE_UNISTD_H 1
| #define STDC_HEADERS 1
| #define HAVE_STDLIB_H 1
| #define HAVE_STDIO_H 1
| #define HAVE_STRING_H 1
| #define HAVE_MATH_H 1
| #define HAVE_COMPLEX_H 1
| #define HAVE_LIBM 1
| #define HAVE_LIBFFTW3 1
| #define SHT_F77_API 1
| #define _GCC_VEC_ 1
| #define SHTNS_ISHIOKA 1
| #define SHT_VERBOSE 1
| /* end confdefs.h.  */
| #include <stddef.h>
| #ifdef HAVE_STDIO_H
| # include <stdio.h>
| #endif
| #ifdef HAVE_STDLIB_H
| # include <stdlib.h>
| #endif
| #ifdef HAVE_STRING_H
| # include <string.h>
| #endif
| #ifdef HAVE_INTTYPES_H
| # include <inttypes.h>
| #endif
| #ifdef HAVE_STDINT_H
| # include <stdint.h>
| #endif
| #ifdef HAVE_STRINGS_H
| # include <strings.h>
| #endif
| #ifdef HAVE_SYS_TYPES_H
| # include <sys/types.h>
| #endif
| #ifdef HAVE_SYS_STAT_H
| # include <sys/stat.h>
| #endif
| #ifdef HAVE_UNISTD_H
| # include <unistd.h>
| #endif
| int
| main (void)
| {
| if (sizeof ((size_t)))
| 	    return 0;
|   ;
|   return 0;
| }
configure:5752: result: yes
configure:5767: checking for fftw_cost
configure:5767: gcc -o conftest -O2  -I/home/kvorka/WorkDir/codes/Son_of_WhiteRabbit/shtns/include -L/home/kvorka/WorkDir/codes/Son_of_WhiteRabbit/shtns/lib -march=native -mtune=skylake -fno-math-errno -fno-trapping-math -ffinite-math-only -fcx-limited-range -std=gnu11   conftest.c -lfftw3 -lm  >&5
configure:5767: $? = 0
configure:5767: result: yes
configure:5776: checking for inline
configure:5793: gcc -c -O2  -I/home/kvorka/WorkDir/codes/Son_of_WhiteRabbit/shtns/include -L/home/kvorka/WorkDir/codes/Son_of_WhiteRabbit/shtns/lib -march=native -mtune=skylake -fno-math-errno -fno-trapping-math -ffinite-math-only -fcx-limited-range -std=gnu11  conftest.c >&5
configure:5793: $? = 0
configure:5803: result: inline
configure:5821: checking for sys/time.h
configure:5821: gcc -c -O2  -I/home/kvorka/WorkDir/codes/Son_of_WhiteRabbit/shtns/include -L/home/kvorka/WorkDir/codes/Son_of_WhiteRabbit/shtns/lib -march=native -mtune=skylake -fno-math-errno -fno-trapping-math -ffinite-math-only -fcx-limited-range -std=gnu11  conftest.c >&5
configure:5821: $? = 0
configure:5821: result: yes
configure:5827: checking for c_asm.h
configure:5827: gcc -c -O2  -I/home/kvorka/WorkDir/codes/Son_of_WhiteRabbit/shtns/include -L/home/kvorka/WorkDir/codes/Son_of_WhiteRabbit/shtns/lib -march=native -mtune=skylake -fno-math-errno -fno-trapping-math -ffinite-math-only -fcx-limited-range -std=gnu11  conftest.c >&5
conftest.c:60:10: fatal error: c_asm.h: No such file or directory
   60 | #include <c_asm.h>
      |          ^~~~~~~~~
compilation terminated.
configure:5827: $? = 1
configure: failed program was:
| /* confdefs.h */
| #define PACKAGE_NAME "SHTns"
| #define PACKAGE_TARNAME "shtns"
| #define PACKAGE_VERSION "3.7.3"
| #define PACKAGE_STRING "SHTns 3.7.3"
| #define PACKAGE_BUGREPORT ""
| #define PACKAGE_URL "https://bitbucket.org/nschaeff/shtns"
| #define HAVE_STDIO_H 1
| #define HAVE_STDLIB_H 1
| #define HAVE_STRING_H 1
| #define HAVE_INTTYPES_H 1
| #define HAVE_STDINT_H 1
| #define HAVE_STRINGS_H 1
| #define HAVE_SYS_STAT_H 1
| #define HAVE_SYS_TYPES_H 1
| #define HAVE_UNISTD_H 1
| #define STDC_HEADERS 1
| #define HAVE_STDLIB_H 1
| #define HAVE_STDIO_H 1
| #define HAVE_STRING_H 1
| #define HAVE_MATH_H 1
| #define HAVE_COMPLEX_H 1
| #define HAVE_LIBM 1
| #define HAVE_LIBFFTW3 1
| #define SHT_F77_API 1
| #define _GCC_VEC_ 1
| #define SHTNS_ISHIOKA 1
| #define SHT_VERBOSE 1
| #define HAVE_FFTW_COST 1
| #define HAVE_SYS_TIME_H 1
| /* end confdefs.h.  */
| #include <stddef.h>
| #ifdef HAVE_STDIO_H
| # include <stdio.h>
| #endif
| #ifdef HAVE_STDLIB_H
| # include <stdlib.h>
| #endif
| #ifdef HAVE_STRING_H
| # include <string.h>
| #endif
| #ifdef HAVE_INTTYPES_H
| # include <inttypes.h>
| #endif
| #ifdef HAVE_STDINT_H
| # include <stdint.h>
| #endif
| #ifdef HAVE_STRINGS_H
| # include <strings.h>
| #endif
| #ifdef HAVE_SYS_TYPES_H
| # include <sys/types.h>
| #endif
| #ifdef HAVE_SYS_STAT_H
| # include <sys/stat.h>
| #endif
| #ifdef HAVE_UNISTD_H
| # include <unistd.h>
| #endif
| #include <c_asm.h>
configure:5827: result: no
configure:5833: checking for intrinsics.h
configure:5833: gcc -c -O2  -I/home/kvorka/WorkDir/codes/Son_of_WhiteRabbit/shtns/include -L/home/kvorka/WorkDir/codes/Son_of_WhiteRabbit/shtns/lib -march=native -mtune=skylake -fno-math-errno -fno-trapping-math -ffinite-math-only -fcx-limited-range -std=gnu11  conftest.c >&5
conftest.c:60:10: fatal error: intrinsics.h: No such file or directory
   60 | #include <intrinsics.h>
      |          ^~~~~~~~~~~~~~
compilation terminated.
configure:5833: $? = 1
configure: failed program was:
| /* confdefs.h */
| #define PACKAGE_NAME "SHTns"
| #define PACKAGE_TARNAME "shtns"
| #define PACKAGE_VERSION "3.7.3"
| #define PACKAGE_STRING "SHTns 3.7.3"
| #define PACKAGE_BUGREPORT ""
| #define PACKAGE_URL "https://bitbucket.org/nschaeff/shtns"
| #define HAVE_STDIO_H 1
| #define HAVE_STDLIB_H 1
| #define HAVE_STRING_H 1
| #define HAVE_INTTYPES_H 1
| #define HAVE_STDINT_H 1
| #define HAVE_STRINGS_H 1
| #define HAVE_SYS_STAT_H 1
| #define HAVE_SYS_TYPES_H 1
| #define HAVE_UNISTD_H 1
| #define STDC_HEADERS 1
| #define HAVE_STDLIB_H 1
| #define HAVE_STDIO_H 1
| #define HAVE_STRING_H 1
| #define HAVE_MATH_H 1
| #define HAVE_COMPLEX_H 1
| #define HAVE_LIBM 1
| #define HAVE_LIBFFTW3 1
| #define SHT_F77_API 1
| #define _GCC_VEC_ 1
| #define SHTNS_ISHIOKA 1
| #define SHT_VERBOSE 1
| #define HAVE_FFTW_COST 1
| #define HAVE_SYS_TIME_H 1
| /* end confdefs.h.  */
| #include <stddef.h>
| #ifdef HAVE_STDIO_H
| # include <stdio.h>
| #endif
| #ifdef HAVE_STDLIB_H
| # include <stdlib.h>
| #endif
| #ifdef HAVE_STRING_H
| # include <string.h>
| #endif
| #ifdef HAVE_INTTYPES_H
| # include <inttypes.h>
| #endif
| #ifdef HAVE_STDINT_H
| # include <stdint.h>
| #endif
| #ifdef HAVE_STRINGS_H
| # include <strings.h>
| #endif
| #ifdef HAVE_SYS_TYPES_H
| # include <sys/types.h>
| #endif
| #ifdef HAVE_SYS_STAT_H
| # include <sys/stat.h>
| #endif
| #ifdef HAVE_UNISTD_H
| # include <unistd.h>
| #endif
| #include <intrinsics.h>
configure:5833: result: no
configure:5839: checking for mach/mach_time.h
configure:5839: gcc -c -O2  -I/home/kvorka/WorkDir/codes/Son_of_WhiteRabbit/shtns/include -L/home/kvorka/WorkDir/codes/Son_of_WhiteRabbit/shtns/lib -march=native -mtune=skylake -fno-math-errno -fno-trapping-math -ffinite-math-only -fcx-limited-range -std=gnu11  conftest.c >&5
conftest.c:60:10: fatal error: mach/mach_time.h: No such file or directory
   60 | #include <mach/mach_time.h>
      |          ^~~~~~~~~~~~~~~~~~
compilation terminated.
configure:5839: $? = 1
configure: failed program was:
| /* confdefs.h */
| #define PACKAGE_NAME "SHTns"
| #define PACKAGE_TARNAME "shtns"
| #define PACKAGE_VERSION "3.7.3"
| #define PACKAGE_STRING "SHTns 3.7.3"
| #define PACKAGE_BUGREPORT ""
| #define PACKAGE_URL "https://bitbucket.org/nschaeff/shtns"
| #define HAVE_STDIO_H 1
| #define HAVE_STDLIB_H 1
| #define HAVE_STRING_H 1
| #define HAVE_INTTYPES_H 1
| #define HAVE_STDINT_H 1
| #define HAVE_STRINGS_H 1
| #define HAVE_SYS_STAT_H 1
| #define HAVE_SYS_TYPES_H 1
| #define HAVE_UNISTD_H 1
| #define STDC_HEADERS 1
| #define HAVE_STDLIB_H 1
| #define HAVE_STDIO_H 1
| #define HAVE_STRING_H 1
| #define HAVE_MATH_H 1
| #define HAVE_COMPLEX_H 1
| #define HAVE_LIBM 1
| #define HAVE_LIBFFTW3 1
| #define SHT_F77_API 1
| #define _GCC_VEC_ 1
| #define SHTNS_ISHIOKA 1
| #define SHT_VERBOSE 1
| #define HAVE_FFTW_COST 1
| #define HAVE_SYS_TIME_H 1
| /* end confdefs.h.  */
| #include <stddef.h>
| #ifdef HAVE_STDIO_H
| # include <stdio.h>
| #endif
| #ifdef HAVE_STDLIB_H
| # include <stdlib.h>
| #endif
| #ifdef HAVE_STRING_H
| # include <string.h>
| #endif
| #ifdef HAVE_INTTYPES_H
| # include <inttypes.h>
| #endif
| #ifdef HAVE_STDINT_H
| # include <stdint.h>
| #endif
| #ifdef HAVE_STRINGS_H
| # include <strings.h>
| #endif
| #ifdef HAVE_SYS_TYPES_H
| # include <sys/types.h>
| #endif
| #ifdef HAVE_SYS_STAT_H
| # include <sys/stat.h>
| #endif
| #ifdef HAVE_UNISTD_H
| # include <unistd.h>
| #endif
| #include <mach/mach_time.h>
configure:5839: result: no
configure:5847: checking for hrtime_t
configure:5847: gcc -c -O2  -I/home/kvorka/WorkDir/codes/Son_of_WhiteRabbit/shtns/include -L/home/kvorka/WorkDir/codes/Son_of_WhiteRabbit/shtns/lib -march=native -mtune=skylake -fno-math-errno -fno-trapping-math -ffinite-math-only -fcx-limited-range -std=gnu11  conftest.c >&5
conftest.c: In function 'main':
conftest.c:39:13: error: 'hrtime_t' undeclared (first use in this function); did you mean 'time_t'?
   39 | if (sizeof (hrtime_t))
      |             ^~~~~~~~
      |             time_t
conftest.c:39:13: note: each undeclared identifier is reported only once for each function it appears in
configure:5847: $? = 1
configure: failed program was:
| /* confdefs.h */
| #define PACKAGE_NAME "SHTns"
| #define PACKAGE_TARNAME "shtns"
| #define PACKAGE_VERSION "3.7.3"
| #define PACKAGE_STRING "SHTns 3.7.3"
| #define PACKAGE_BUGREPORT ""
| #define PACKAGE_URL "https://bitbucket.org/nschaeff/shtns"
| #define HAVE_STDIO_H 1
| #define HAVE_STDLIB_H 1
| #define HAVE_STRING_H 1
| #define HAVE_INTTYPES_H 1
| #define HAVE_STDINT_H 1
| #define HAVE_STRINGS_H 1
| #define HAVE_SYS_STAT_H 1
| #define HAVE_SYS_TYPES_H 1
| #define HAVE_UNISTD_H 1
| #define STDC_HEADERS 1
| #define HAVE_STDLIB_H 1
| #define HAVE_STDIO_H 1
| #define HAVE_STRING_H 1
| #define HAVE_MATH_H 1
| #define HAVE_COMPLEX_H 1
| #define HAVE_LIBM 1
| #define HAVE_LIBFFTW3 1
| #define SHT_F77_API 1
| #define _GCC_VEC_ 1
| #define SHTNS_ISHIOKA 1
| #define SHT_VERBOSE 1
| #define HAVE_FFTW_COST 1
| #define HAVE_SYS_TIME_H 1
| /* end confdefs.h.  */
| #if HAVE_SYS_TIME_H
| #include <sys/time.h>
| #endif
| 
| int
| main (void)
| {
| if (sizeof (hrtime_t))
| 	 return 0;
|   ;
|   return 0;
| }
configure:5847: result: no
configure:5859: checking for gethrtime
configure:5859: gcc -o conftest -O2  -I/home/kvorka/WorkDir/codes/Son_of_WhiteRabbit/shtns/include -L/home/kvorka/WorkDir/codes/Son_of_WhiteRabbit/shtns/lib -march=native -mtune=skylake -fno-math-errno -fno-trapping-math -ffinite-math-only -fcx-limited-range -std=gnu11   conftest.c -lfftw3 -lm  >&5
/usr/bin/ld: /tmp/ccKxzL36.o: in function `main':
conftest.c:(.text.startup+0x9): undefined reference to `gethrtime'
collect2: error: ld returned 1 exit status
configure:5859: $? = 1
configure: failed program was:
| /* confdefs.h */
| #define PACKAGE_NAME "SHTns"
| #define PACKAGE_TARNAME "shtns"
| #define PACKAGE_VERSION "3.7.3"
| #define PACKAGE_STRING "SHTns 3.7.3"
| #define PACKAGE_BUGREPORT ""
| #define PACKAGE_URL "https://bitbucket.org/nschaeff/shtns"
| #define HAVE_STDIO_H 1
| #define HAVE_STDLIB_H 1
| #define HAVE_STRING_H 1
| #define HAVE_INTTYPES_H 1
| #define HAVE_STDINT_H 1
| #define HAVE_STRINGS_H 1
| #define HAVE_SYS_STAT_H 1
| #define HAVE_SYS_TYPES_H 1
| #define HAVE_UNISTD_H 1
| #define STDC_HEADERS 1
| #define HAVE_STDLIB_H 1
| #define HAVE_STDIO_H 1
| #define HAVE_STRING_H 1
| #define HAVE_MATH_H 1
| #define HAVE_COMPLEX_H 1
| #define HAVE_LIBM 1
| #define HAVE_LIBFFTW3 1
| #define SHT_F77_API 1
| #define _GCC_VEC_ 1
| #define SHTNS_ISHIOKA 1
| #define SHT_VERBOSE 1
| #define HAVE_FFTW_COST 1
| #define HAVE_SYS_TIME_H 1
| /* end confdefs.h.  */
| /* Define gethrtime to an innocuous variant, in case <limits.h> declares gethrtime.
|    For example, HP-UX 11i <limits.h> declares gettimeofday.  */
| #define gethrtime innocuous_gethrtime
| 
| /* System header to define __stub macros and hopefully few prototypes,
|    which can conflict with char gethrtime (void); below.  */
| 
| #include <limits.h>
| #undef gethrtime
| 
| /* Override any GCC internal prototype to avoid an error.
|    Use char because int might match the return type of a GCC
|    builtin and then its argument prototype would still apply.  */
| #ifdef __cplusplus
| extern "C"
| #endif
| char gethrtime (void);
| /* The GNU C library defines this for functions which it implements
|     to always fail with ENOSYS.  Some functions are actually named
|     something starting with __ and the normal name is an alias.  */
| #if defined __stub_gethrtime || defined __stub___gethrtime
| choke me
| #endif
| 
| int
| main (void)
| {
| return gethrtime ();
|   ;
|   return 0;
| }
configure:5859: result: no
configure:5865: checking for read_real_time
configure:5865: gcc -o conftest -O2  -I/home/kvorka/WorkDir/codes/Son_of_WhiteRabbit/shtns/include -L/home/kvorka/WorkDir/codes/Son_of_WhiteRabbit/shtns/lib -march=native -mtune=skylake -fno-math-errno -fno-trapping-math -ffinite-math-only -fcx-limited-range -std=gnu11   conftest.c -lfftw3 -lm  >&5
/usr/bin/ld: /tmp/ccM9XBa2.o: in function `main':
conftest.c:(.text.startup+0x9): undefined reference to `read_real_time'
collect2: error: ld returned 1 exit status
configure:5865: $? = 1
configure: failed program was:
| /* confdefs.h */
| #define PACKAGE_NAME "SHTns"
| #define PACKAGE_TARNAME "shtns"
| #define PACKAGE_VERSION "3.7.3"
| #define PACKAGE_STRING "SHTns 3.7.3"
| #define PACKAGE_BUGREPORT ""
| #define PACKAGE_URL "https://bitbucket.org/nschaeff/shtns"
| #define HAVE_STDIO_H 1
| #define HAVE_STDLIB_H 1
| #define HAVE_STRING_H 1
| #define HAVE_INTTYPES_H 1
| #define HAVE_STDINT_H 1
| #define HAVE_STRINGS_H 1
| #define HAVE_SYS_STAT_H 1
| #define HAVE_SYS_TYPES_H 1
| #define HAVE_UNISTD_H 1
| #define STDC_HEADERS 1
| #define HAVE_STDLIB_H 1
| #define HAVE_STDIO_H 1
| #define HAVE_STRING_H 1
| #define HAVE_MATH_H 1
| #define HAVE_COMPLEX_H 1
| #define HAVE_LIBM 1
| #define HAVE_LIBFFTW3 1
| #define SHT_F77_API 1
| #define _GCC_VEC_ 1
| #define SHTNS_ISHIOKA 1
| #define SHT_VERBOSE 1
| #define HAVE_FFTW_COST 1
| #define HAVE_SYS_TIME_H 1
| /* end confdefs.h.  */
| /* Define read_real_time to an innocuous variant, in case <limits.h> declares read_real_time.
|    For example, HP-UX 11i <limits.h> declares gettimeofday.  */
| #define read_real_time innocuous_read_real_time
| 
| /* System header to define __stub macros and hopefully few prototypes,
|    which can conflict with char read_real_time (void); below.  */
| 
| #include <limits.h>
| #undef read_real_time
| 
| /* Override any GCC internal prototype to avoid an error.
|    Use char because int might match the return type of a GCC
|    builtin and then its argument prototype would still apply.  */
| #ifdef __cplusplus
| extern "C"
| #endif
| char read_real_time (void);
| /* The GNU C library defines this for functions which it implements
|     to always fail with ENOSYS.  Some functions are actually named
|     something starting with __ and the normal name is an alias.  */
| #if defined __stub_read_real_time || defined __stub___read_real_time
| choke me
| #endif
| 
| int
| main (void)
| {
| return read_real_time ();
|   ;
|   return 0;
| }
configure:5865: result: no
configure:5871: checking for time_base_to_time
configure:5871: gcc -o conftest -O2  -I/home/kvorka/WorkDir/codes/Son_of_WhiteRabbit/shtns/include -L/home/kvorka/WorkDir/codes/Son_of_WhiteRabbit/shtns/lib -march=native -mtune=skylake -fno-math-errno -fno-trapping-math -ffinite-math-only -fcx-limited-range -std=gnu11   conftest.c -lfftw3 -lm  >&5
/usr/bin/ld: /tmp/ccWjrnxz.o: in function `main':
conftest.c:(.text.startup+0x9): undefined reference to `time_base_to_time'
collect2: error: ld returned 1 exit status
configure:5871: $? = 1
configure: failed program was:
| /* confdefs.h */
| #define PACKAGE_NAME "SHTns"
| #define PACKAGE_TARNAME "shtns"
| #define PACKAGE_VERSION "3.7.3"
| #define PACKAGE_STRING "SHTns 3.7.3"
| #define PACKAGE_BUGREPORT ""
| #define PACKAGE_URL "https://bitbucket.org/nschaeff/shtns"
| #define HAVE_STDIO_H 1
| #define HAVE_STDLIB_H 1
| #define HAVE_STRING_H 1
| #define HAVE_INTTYPES_H 1
| #define HAVE_STDINT_H 1
| #define HAVE_STRINGS_H 1
| #define HAVE_SYS_STAT_H 1
| #define HAVE_SYS_TYPES_H 1
| #define HAVE_UNISTD_H 1
| #define STDC_HEADERS 1
| #define HAVE_STDLIB_H 1
| #define HAVE_STDIO_H 1
| #define HAVE_STRING_H 1
| #define HAVE_MATH_H 1
| #define HAVE_COMPLEX_H 1
| #define HAVE_LIBM 1
| #define HAVE_LIBFFTW3 1
| #define SHT_F77_API 1
| #define _GCC_VEC_ 1
| #define SHTNS_ISHIOKA 1
| #define SHT_VERBOSE 1
| #define HAVE_FFTW_COST 1
| #define HAVE_SYS_TIME_H 1
| /* end confdefs.h.  */
| /* Define time_base_to_time to an innocuous variant, in case <limits.h> declares time_base_to_time.
|    For example, HP-UX 11i <limits.h> declares gettimeofday.  */
| #define time_base_to_time innocuous_time_base_to_time
| 
| /* System header to define __stub macros and hopefully few prototypes,
|    which can conflict with char time_base_to_time (void); below.  */
| 
| #include <limits.h>
| #undef time_base_to_time
| 
| /* Override any GCC internal prototype to avoid an error.
|    Use char because int might match the return type of a GCC
|    builtin and then its argument prototype would still apply.  */
| #ifdef __cplusplus
| extern "C"
| #endif
| char time_base_to_time (void);
| /* The GNU C library defines this for functions which it implements
|     to always fail with ENOSYS.  Some functions are actually named
|     something starting with __ and the normal name is an alias.  */
| #if defined __stub_time_base_to_time || defined __stub___time_base_to_time
| choke me
| #endif
| 
| int
| main (void)
| {
| return time_base_to_time ();
|   ;
|   return 0;
| }
configure:5871: result: no
configure:5877: checking for clock_gettime
configure:5877: gcc -o conftest -O2  -I/home/kvorka/WorkDir/codes/Son_of_WhiteRabbit/shtns/include -L/home/kvorka/WorkDir/codes/Son_of_WhiteRabbit/shtns/lib -march=native -mtune=skylake -fno-math-errno -fno-trapping-math -ffinite-math-only -fcx-limited-range -std=gnu11   conftest.c -lfftw3 -lm  >&5
configure:5877: $? = 0
configure:5877: result: yes
configure:5883: checking for mach_absolute_time
configure:5883: gcc -o conftest -O2  -I/home/kvorka/WorkDir/codes/Son_of_WhiteRabbit/shtns/include -L/home/kvorka/WorkDir/codes/Son_of_WhiteRabbit/shtns/lib -march=native -mtune=skylake -fno-math-errno -fno-trapping-math -ffinite-math-only -fcx-limited-range -std=gnu11   conftest.c -lfftw3 -lm  >&5
/usr/bin/ld: /tmp/cckbeD65.o: in function `main':
conftest.c:(.text.startup+0x9): undefined reference to `mach_absolute_time'
collect2: error: ld returned 1 exit status
configure:5883: $? = 1
configure: failed program was:
| /* confdefs.h */
| #define PACKAGE_NAME "SHTns"
| #define PACKAGE_TARNAME "shtns"
| #define PACKAGE_VERSION "3.7.3"
| #define PACKAGE_STRING "SHTns 3.7.3"
| #define PACKAGE_BUGREPORT ""
| #define PACKAGE_URL "https://bitbucket.org/nschaeff/shtns"
| #define HAVE_STDIO_H 1
| #define HAVE_STDLIB_H 1
| #define HAVE_STRING_H 1
| #define HAVE_INTTYPES_H 1
| #define HAVE_STDINT_H 1
| #define HAVE_STRINGS_H 1
| #define HAVE_SYS_STAT_H 1
| #define HAVE_SYS_TYPES_H 1
| #define HAVE_UNISTD_H 1
| #define STDC_HEADERS 1
| #define HAVE_STDLIB_H 1
| #define HAVE_STDIO_H 1
| #define HAVE_STRING_H 1
| #define HAVE_MATH_H 1
| #define HAVE_COMPLEX_H 1
| #define HAVE_LIBM 1
| #define HAVE_LIBFFTW3 1
| #define SHT_F77_API 1
| #define _GCC_VEC_ 1
| #define SHTNS_ISHIOKA 1
| #define SHT_VERBOSE 1
| #define HAVE_FFTW_COST 1
| #define HAVE_SYS_TIME_H 1
| #define HAVE_CLOCK_GETTIME 1
| /* end confdefs.h.  */
| /* Define mach_absolute_time to an innocuous variant, in case <limits.h> declares mach_absolute_time.
|    For example, HP-UX 11i <limits.h> declares gettimeofday.  */
| #define mach_absolute_time innocuous_mach_absolute_time
| 
| /* System header to define __stub macros and hopefully few prototypes,
|    which can conflict with char mach_absolute_time (void); below.  */
| 
| #include <limits.h>
| #undef mach_absolute_time
| 
| /* Override any GCC internal prototype to avoid an error.
|    Use char because int might match the return type of a GCC
|    builtin and then its argument prototype would still apply.  */
| #ifdef __cplusplus
| extern "C"
| #endif
| char mach_absolute_time (void);
| /* The GNU C library defines this for functions which it implements
|     to always fail with ENOSYS.  Some functions are actually named
|     something starting with __ and the normal name is an alias.  */
| #if defined __stub_mach_absolute_time || defined __stub___mach_absolute_time
| choke me
| #endif
| 
| int
| main (void)
| {
| return mach_absolute_time ();
|   ;
|   return 0;
| }
configure:5883: result: no
configure:5891: checking for _rtc intrinsic
configure:5907: gcc -o conftest -O2  -I/home/kvorka/WorkDir/codes/Son_of_WhiteRabbit/shtns/include -L/home/kvorka/WorkDir/codes/Son_of_WhiteRabbit/shtns/lib -march=native -mtune=skylake -fno-math-errno -fno-trapping-math -ffinite-math-only -fcx-limited-range -std=gnu11   conftest.c -lfftw3 -lm  >&5
conftest.c: In function 'main':
conftest.c:39:1: warning: implicit declaration of function '_rtc' [-Wimplicit-function-declaration]
   39 | _rtc()
      | ^~~~
/usr/bin/ld: /tmp/ccnXXt0e.o: in function `main':
conftest.c:(.text.startup+0xb): undefined reference to `_rtc'
collect2: error: ld returned 1 exit status
configure:5907: $? = 1
configure: failed program was:
| /* confdefs.h */
| #define PACKAGE_NAME "SHTns"
| #define PACKAGE_TARNAME "shtns"
| #define PACKAGE_VERSION "3.7.3"
| #define PACKAGE_STRING "SHTns 3.7.3"
| #define PACKAGE_BUGREPORT ""
| #define PACKAGE_URL "https://bitbucket.org/nschaeff/shtns"
| #define HAVE_STDIO_H 1
| #define HAVE_STDLIB_H 1
| #define HAVE_STRING_H 1
| #define HAVE_INTTYPES_H 1
| #define HAVE_STDINT_H 1
| #define HAVE_STRINGS_H 1
| #define HAVE_SYS_STAT_H 1
| #define HAVE_SYS_TYPES_H 1
| #define HAVE_UNISTD_H 1
| #define STDC_HEADERS 1
| #define HAVE_STDLIB_H 1
| #define HAVE_STDIO_H 1
| #define HAVE_STRING_H 1
| #define HAVE_MATH_H 1
| #define HAVE_COMPLEX_H 1
| #define HAVE_LIBM 1
| #define HAVE_LIBFFTW3 1
| #define SHT_F77_API 1
| #define _GCC_VEC_ 1
| #define SHTNS_ISHIOKA 1
| #define SHT_VERBOSE 1
| #define HAVE_FFTW_COST 1
| #define HAVE_SYS_TIME_H 1
| #define HAVE_CLOCK_GETTIME 1
| /* end confdefs.h.  */
| #ifdef HAVE_INTRINSICS_H
| #include <intrinsics.h>
| #endif
| int
| main (void)
| {
| _rtc()
|   ;
|   return 0;
| }
configure:5918: result: no
configure:5982: checking for gfortran
configure:6003: found /usr/bin/gfortran
configure:6015: result: gfortran
configure:6041: checking for Fortran compiler version
configure:6050: gfortran --version >&5
GNU Fortran (Ubuntu 11.4.0-1ubuntu1~22.04.2) 11.4.0
Copyright (C) 2021 Free Software Foundation, Inc.
This is free software; see the source for copying conditions.  There is NO
warranty; not even for MERCHANTABILITY or FITNESS FOR A PARTICULAR PURPOSE.

configure:6061: $? = 0
configure:6050: gfortran -v >&5
Using built-in specs.
COLLECT_GCC=gfortran
COLLECT_LTO_WRAPPER=/usr/lib/gcc/x86_64-linux-gnu/11/lto-wrapper
OFFLOAD_TARGET_NAMES=nvptx-none:amdgcn-amdhsa
OFFLOAD_TARGET_DEFAULT=1
Target: x86_64-linux-gnu
Configured with: ../src/configure -v --with-pkgversion='Ubuntu 11.4.0-1ubuntu1~22.04.2' --with-bugurl=file:///usr/share/doc/gcc-11/README.Bugs --enable-languages=c,ada,c++,go,brig,d,fortran,objc,obj-c++,m2 --prefix=/usr --with-gcc-major-version-only --program-suffix=-11 --program-prefix=x86_64-linux-gnu- --enable-shared --enable-linker-build-id --libexecdir=/usr/lib --without-included-gettext --enable-threads=posix --libdir=/usr/lib --enable-nls --enable-bootstrap --enable-clocale=gnu --enable-libstdcxx-debug --enable-libstdcxx-time=yes --with-default-libstdcxx-abi=new --enable-gnu-unique-object --disable-vtable-verify --enable-plugin --enable-default-pie --with-system-zlib --enable-libphobos-checking=release --with-target-system-zlib=auto --enable-objc-gc=auto --enable-multiarch --disable-werror --enable-cet --with-arch-32=i686 --with-abi=m64 --with-multilib-list=m32,m64,mx32 --enable-multilib --with-tune=generic --enable-offload-targets=nvptx-none=/build/gcc-11-2Y5pKs/gcc-11-11.4.0/debian/tmp-nvptx/usr,amdgcn-amdhsa=/build/gcc-11-2Y5pKs/gcc-11-11.4.0/debian/tmp-gcn/usr --without-cuda-driver --enable-checking=release --build=x86_64-linux-gnu --host=x86_64-linux-gnu --target=x86_64-linux-gnu --with-build-config=bootstrap-lto-lean --enable-link-serialization=2
Thread model: posix
Supported LTO compression algorithms: zlib zstd
gcc version 11.4.0 (Ubuntu 11.4.0-1ubuntu1~22.04.2) 
... rest of stderr output deleted ...
configure:6061: $? = 0
configure:6050: gfortran -V >&5
gfortran: error: unrecognized command-line option '-V'
gfortran: fatal error: no input files
compilation terminated.
configure:6061: $? = 1
configure:6050: gfortran -qversion >&5
gfortran: error: unrecognized command-line option '-qversion'; did you mean '--version'?
gfortran: fatal error: no input files
compilation terminated.
configure:6061: $? = 1
configure:6070: checking whether the compiler supports GNU Fortran
configure:6084: gfortran -c   conftest.F >&5
configure:6084: $? = 0
configure:6096: result: yes
configure:6104: checking whether gfortran accepts -g
configure:6116: gfortran -c -g  conftest.f >&5
configure:6116: $? = 0
configure:6127: result: yes
configure:6291: creating ./config.status

## ---------------------- ##
## Running config.status. ##
## ---------------------- ##

This file was extended by SHTns config.status 3.7.3, which was
generated by GNU Autoconf 2.72.  Invocation command line was

  CONFIG_FILES    = 
  CONFIG_HEADERS  = 
  CONFIG_LINKS    = 
  CONFIG_COMMANDS = 
  $ ./config.status 

on geofzz

config.status:822: creating Makefile
config.status:822: creating sht_config.h
configure:7444: WARNING: unrecognized options: --enable-avx

## ---------------- ##
## Cache variables. ##
## ---------------- ##

ac_cv_c_compiler_gnu=yes
ac_cv_c_inline=inline
ac_cv_env_CC_set=
ac_cv_env_CC_value=
ac_cv_env_CFLAGS_set=
ac_cv_env_CFLAGS_value=
ac_cv_env_CPPFLAGS_set=
ac_cv_env_CPPFLAGS_value=
ac_cv_env_FCFLAGS_set=
ac_cv_env_FCFLAGS_value=
ac_cv_env_FC_set=
ac_cv_env_FC_value=
ac_cv_env_LDFLAGS_set=
ac_cv_env_LDFLAGS_value=
ac_cv_env_LIBS_set=
ac_cv_env_LIBS_value=
ac_cv_env_build_alias_set=
ac_cv_env_build_alias_value=
ac_cv_env_host_alias_set=
ac_cv_env_host_alias_value=
ac_cv_env_target_alias_set=
ac_cv_env_target_alias_value=
ac_cv_fc_compiler_gnu=yes
ac_cv_func_clock_gettime=yes
ac_cv_func_fftw_cost=yes
ac_cv_func_gethrtime=no
ac_cv_func_mach_absolute_time=no
ac_cv_func_read_real_time=no
ac_cv_func_time_base_to_time=no
ac_cv_header_c_asm_h=no
ac_cv_header_complex_h=yes
ac_cv_header_intrinsics_h=no
ac_cv_header_inttypes_h=yes
ac_cv_header_mach_mach_time_h=no
ac_cv_header_math_h=yes
ac_cv_header_stdint_h=yes
ac_cv_header_stdio_h=yes
ac_cv_header_stdlib_h=yes
ac_cv_header_string_h=yes
ac_cv_header_strings_h=yes
ac_cv_header_sys_stat_h=yes
ac_cv_header_sys_time_h=yes
ac_cv_header_sys_types_h=yes
ac_cv_header_unistd_h=yes
ac_cv_lib_fftw3_fftw_plan_many_dft=yes
ac_cv_lib_m_cos=yes
ac_cv_objext=o
ac_cv_path_SED=/usr/bin/sed
ac_cv_prog_ac_ct_CC=gcc
ac_cv_prog_ac_ct_FC=gfortran
ac_cv_prog_cc_c11=
ac_cv_prog_cc_g=yes
ac_cv_prog_cc_stdc=
ac_cv_prog_fc_g=yes
ac_cv_type_hrtime_t=no
ac_cv_type_size_t=yes

## ----------------- ##
## Output variables. ##
## ----------------- ##

CC2='gcc'
CC='gcc'
CFLAGS2='-O2  -I/home/kvorka/WorkDir/codes/Son_of_WhiteRabbit/shtns/include -L/home/kvorka/WorkDir/codes/Son_of_WhiteRabbit/shtns/lib -march=native -mtune=skylake -O3 -ffast-math -std=gnu99 -fopenmp-simd -fno-tree-loop-distribute-patterns -mno-vzeroupper -fno-stack-protector'
CFLAGS='-O2  -I/home/kvorka/WorkDir/codes/Son_of_WhiteRabbit/shtns/include -L/home/kvorka/WorkDir/codes/Son_of_WhiteRabbit/shtns/lib -march=native -mtune=skylake -fno-math-errno -fno-trapping-math -ffinite-math-only -fcx-limited-range -std=gnu11'
CPPFLAGS=''
DEFS='-DHAVE_CONFIG_H'
ECHO_C=''
ECHO_N='-n'
ECHO_T=''
EXEEXT=''
FC='gfortran'
FCFLAGS='-g -O2'
FFLAGS='-O2  -I/home/kvorka/WorkDir/codes/Son_of_WhiteRabbit/shtns/include -L/home/kvorka/WorkDir/codes/Son_of_WhiteRabbit/shtns/lib'
LDFLAGS=''
LIBOBJS=''
LIBS='-lfftw3 -lm '
LTLIBOBJS=''
OBJEXT='o'
OPENMP_CFLAGS=''
PACKAGE_BUGREPORT=''
PACKAGE_NAME='SHTns'
PACKAGE_STRING='SHTns 3.7.3'
PACKAGE_TARNAME='shtns'
PACKAGE_URL='https://bitbucket.org/nschaeff/shtns'
PACKAGE_VERSION='3.7.3'
PATH_SEPARATOR=':'
SED='/usr/bin/sed'
SHELL='/bin/bash'
ac_ct_CC='gcc'
ac_ct_FC='gfortran'
bindir='${exec_prefix}/bin'
build_alias=''
datadir='${datarootdir}'
datarootdir='${prefix}/share'
docdir='${datarootdir}/doc/${PACKAGE_TARNAME}'
dvidir='${docdir}'
exec_prefix='${prefix}'
gpu_cflags=''
gpu_compile=''
host_alias=''
htmldir='${docdir}'
includedir='${prefix}/include'
infodir='${datarootdir}/info'
install='install-lib'
libdir='${exec_prefix}/lib'
libexecdir='${exec_prefix}/libexec'
localedir='${datarootdir}/locale'
localstatedir='${prefix}/var'
mandir='${datarootdir}/man'
objs='sht_fly.o sht_init.o'
oldincludedir='/usr/include'
pdfdir='${docdir}'
prefix='/home/kvorka/WorkDir/codes/Son_of_WhiteRabbit/shtns'
program_transform_name='s,x,x,'
psdir='${docdir}'
runstatedir='${localstatedir}/run'
sbindir='${exec_prefix}/sbin'
sharedstatedir='${prefix}/com'
sysconfdir='${prefix}/etc'
target='libshtns.a'
target_alias=''
target_cmd='ar rcs'

## ----------- ##
## confdefs.h. ##
## ----------- ##

/* confdefs.h */
#define PACKAGE_NAME "SHTns"
#define PACKAGE_TARNAME "shtns"
#define PACKAGE_VERSION "3.7.3"
#define PACKAGE_STRING "SHTns 3.7.3"
#define PACKAGE_BUGREPORT ""
#define PACKAGE_URL "https://bitbucket.org/nschaeff/shtns"
#define HAVE_STDIO_H 1
#define HAVE_STDLIB_H 1
#define HAVE_STRING_H 1
#define HAVE_INTTYPES_H 1
#define HAVE_STDINT_H 1
#define HAVE_STRINGS_H 1
#define HAVE_SYS_STAT_H 1
#define HAVE_SYS_TYPES_H 1
#define HAVE_UNISTD_H 1
#define STDC_HEADERS 1
#define HAVE_STDLIB_H 1
#define HAVE_STDIO_H 1
#define HAVE_STRING_H 1
#define HAVE_MATH_H 1
#define HAVE_COMPLEX_H 1
#define HAVE_LIBM 1
#define HAVE_LIBFFTW3 1
#define SHT_F77_API 1
#define _GCC_VEC_ 1
#define SHTNS_ISHIOKA 1
#define SHT_VERBOSE 1
#define HAVE_FFTW_COST 1
#define HAVE_SYS_TIME_H 1
#define HAVE_CLOCK_GETTIME 1

configure: exit 0
